c:\users\h018061n\source\repos\graphicsprogramming\graphicsprogramming\debug\vc143.pdb
c:\users\h018061n\source\repos\graphicsprogramming\graphicsprogramming\debug\vc143.idb
c:\users\h018061n\source\repos\graphicsprogramming\graphicsprogramming\debug\main.obj
c:\users\h018061n\source\repos\graphicsprogramming\graphicsprogramming\debug\hellogl.obj
c:\users\h018061n\source\repos\graphicsprogramming\graphicsprogramming\debug\glutcallbacks.obj
c:\users\h018061n\source\repos\graphicsprogramming\debug\graphicsprogramming.pdb
c:\users\h018061n\source\repos\graphicsprogramming\graphicsprogramming\debug\graphics.51f646e9.tlog\cl.command.1.tlog
c:\users\h018061n\source\repos\graphicsprogramming\graphicsprogramming\debug\graphics.51f646e9.tlog\cl.items.tlog
c:\users\h018061n\source\repos\graphicsprogramming\graphicsprogramming\debug\graphics.51f646e9.tlog\cl.read.1.tlog
c:\users\h018061n\source\repos\graphicsprogramming\graphicsprogramming\debug\graphics.51f646e9.tlog\cl.write.1.tlog
c:\users\h018061n\source\repos\graphicsprogramming\graphicsprogramming\debug\graphics.51f646e9.tlog\link-cvtres.read.1.tlog
c:\users\h018061n\source\repos\graphicsprogramming\graphicsprogramming\debug\graphics.51f646e9.tlog\link-cvtres.write.1.tlog
c:\users\h018061n\source\repos\graphicsprogramming\graphicsprogramming\debug\graphics.51f646e9.tlog\link-rc.read.1.tlog
c:\users\h018061n\source\repos\graphicsprogramming\graphicsprogramming\debug\graphics.51f646e9.tlog\link-rc.write.1.tlog
c:\users\h018061n\source\repos\graphicsprogramming\graphicsprogramming\debug\graphics.51f646e9.tlog\link.22856-cvtres.read.1.tlog
c:\users\h018061n\source\repos\graphicsprogramming\graphicsprogramming\debug\graphics.51f646e9.tlog\link.22856-cvtres.write.1.tlog
c:\users\h018061n\source\repos\graphicsprogramming\graphicsprogramming\debug\graphics.51f646e9.tlog\link.22856-rc.read.1.tlog
c:\users\h018061n\source\repos\graphicsprogramming\graphicsprogramming\debug\graphics.51f646e9.tlog\link.22856-rc.write.1.tlog
c:\users\h018061n\source\repos\graphicsprogramming\graphicsprogramming\debug\graphics.51f646e9.tlog\link.22856.read.1.tlog
c:\users\h018061n\source\repos\graphicsprogramming\graphicsprogramming\debug\graphics.51f646e9.tlog\link.22856.write.1.tlog
c:\users\h018061n\source\repos\graphicsprogramming\graphicsprogramming\debug\graphics.51f646e9.tlog\link.command.1.tlog
c:\users\h018061n\source\repos\graphicsprogramming\graphicsprogramming\debug\graphics.51f646e9.tlog\link.read.1.tlog
c:\users\h018061n\source\repos\graphicsprogramming\graphicsprogramming\debug\graphics.51f646e9.tlog\link.write.1.tlog
